2025-10-28 02:37:39, MOVE, v:1, k:poo@motoca, mode:PICK
2025-10-28 02:37:40, EXEC, v:1, k:poo@motoca, mode:FULL, rate:0, size:86
2025-10-28 02:39:59, EXEC, v:1, k:poo@motoca, mode:FULL, rate:0, size:101
2025-10-28 02:40:00, EXEC, v:1, k:poo@motoca, mode:FULL, rate:0
2025-10-28 02:40:01, EXEC, v:1, k:poo@motoca, mode:FULL, rate:0
2025-10-28 02:40:03, MOVE, v:1, k:poo@motoca, mode:BACK
2025-10-28 02:40:05, MOVE, v:1, k:poo@motoca, mode:PICK
2025-10-28 02:40:05, EXEC, v:1, k:poo@motoca, mode:FULL, rate:0
2025-10-28 02:40:14, MOVE, v:1, k:poo@motoca, mode:BACK
2025-10-28 02:40:23, MOVE, v:1, k:poo@motoca, mode:PICK
2025-10-28 02:40:24, EXEC, v:1, k:poo@motoca, mode:FULL, rate:0
2025-10-28 02:42:15, EXEC, v:1, k:poo@motoca, mode:FULL, rate:0, size:106
2025-10-28 02:42:48, MOVE, v:1, k:poo@motoca, mode:PICK
2025-10-28 02:42:48, EXEC, v:1, k:poo@motoca, mode:FULL, rate:0
2025-10-28 02:45:36, EXEC, v:1, k:poo@motoca, mode:FULL, rate:0, size:101
2025-10-28 02:47:47, EXEC, v:1, k:poo@motoca, mode:FULL, rate:20, size:103
2025-10-28 02:50:17, EXEC, v:1, k:poo@motoca, mode:FULL, rate:0, size:78
2025-10-28 02:50:47, EXEC, v:1, k:poo@motoca, mode:FULL, rate:0, size:118
2025-10-28 02:53:07, EXEC, v:1, k:poo@motoca, mode:FULL, rate:20, size:118
2025-10-28 02:54:37, EXEC, v:1, k:poo@motoca, mode:FULL, rate:60, size:122
2025-10-28 02:54:58, EXEC, v:1, k:poo@motoca, mode:FULL, rate:60
2025-10-28 02:56:11, EXEC, v:1, k:poo@motoca, mode:FULL, rate:80, size:124
2025-10-28 02:58:26, EXEC, v:1, k:poo@motoca, mode:LOCK, rate:0
2025-10-28 02:58:50, EXEC, v:1, k:poo@motoca, mode:LOCK, rate:0
2025-10-28 03:00:04, EXEC, v:1, k:poo@motoca, mode:LOCK, rate:100, size:128
2025-10-28 03:00:09, EXEC, v:1, k:poo@motoca, mode:LOCK, rate:100
2025-10-28 03:00:11, EXEC, v:1, k:poo@motoca, mode:LOCK, rate:100
2025-10-28 03:03:28, EXEC, v:1, k:poo@motoca, mode:LOCK, rate:100, size:212
2025-10-28 03:03:28, EXEC, v:1, k:poo@motoca, mode:LOCK, rate:100
2025-10-28 03:05:53, MOVE, v:1, k:poo@motoca, mode:BACK
2025-10-28 03:07:09, MOVE, v:1, k:poo@motoca, mode:PICK
2025-10-28 03:07:11, EXEC, v:1, k:poo@motoca, mode:LOCK, rate:100
2025-10-28 03:10:32, EXEC, v:1, k:poo@motoca, mode:LOCK, rate:0, size:128
2025-10-28 03:10:32, EXEC, v:1, k:poo@motoca, mode:LOCK, rate:0
2025-10-28 03:12:33, MOVE, v:1, k:poo@motoca, mode:BACK
2025-10-28 03:14:47, SELF, v:1, k:poo@motoca, rate:80, iagen:Sim__
2025-10-28 03:14:48, MOVE, v:1, k:poo@motoca, mode:PICK
2025-10-28 03:14:49, EXEC, v:1, k:poo@motoca, mode:LOCK, rate:0
2025-10-28 03:15:19, EXEC, v:1, k:poo@motoca, mode:FULL, rate:100
2025-10-28 03:16:01, MOVE, v:1, k:poo@motoca, mode:BACK
2025-10-28 03:28:05, MOVE, v:1, k:poo@grafite, mode:PICK
2025-10-28 04:12:47, MOVE, v:1, k:poo@grafite, mode:BACK
2025-10-28 04:12:49, MOVE, v:1, k:poo@grafite, mode:PICK
2025-10-28 04:12:51, MOVE, v:1, k:poo@grafite, mode:BACK
2025-10-28 04:30:26, MOVE, v:1, k:poo@charger, mode:PICK
2025-10-28 04:30:26, EXEC, v:1, k:poo@charger, mode:FULL, rate:0, size:34
2025-10-28 04:30:51, EXEC, v:1, k:poo@charger, mode:FULL, rate:0, size:98
2025-10-28 04:31:06, EXEC, v:1, k:poo@charger, mode:FULL, rate:0
2025-10-28 04:33:16, EXEC, v:1, k:poo@charger, mode:FULL, rate:0, size:122
2025-10-28 04:34:56, EXEC, v:1, k:poo@charger, mode:FULL, rate:0
2025-10-28 04:35:26, EXEC, v:1, k:poo@charger, mode:FULL, rate:0
2025-10-28 04:35:28, MOVE, v:1, k:poo@charger, mode:BACK
2025-10-28 04:37:00, MOVE, v:1, k:poo@charger, mode:PICK
2025-10-28 04:37:01, EXEC, v:1, k:poo@charger, mode:FULL, rate:5, size:124
2025-10-28 04:46:53, MOVE, v:1, k:poo@charger, mode:BACK
2025-10-28 12:02:25, MOVE, v:1, k:poo@grafite, mode:PICK
2025-10-28 12:02:26, EXEC, v:1, k:poo@grafite, mode:FULL, rate:0, size:119
2025-10-28 12:03:13, EXEC, v:1, k:poo@grafite, mode:FULL, rate:0, size:117
2025-10-28 12:05:19, EXEC, v:1, k:poo@grafite, mode:FULL, rate:0
2025-10-28 12:06:11, EXEC, v:1, k:poo@grafite, mode:FULL, rate:70, size:119
2025-10-28 12:06:42, EXEC, v:1, k:poo@grafite, mode:FULL, rate:100, size:119
2025-10-28 12:06:52, MOVE, v:1, k:poo@grafite, mode:BACK
2025-10-28 12:08:07, MOVE, v:1, k:poo@grafite, mode:PICK
2025-10-28 12:08:08, EXEC, v:1, k:poo@grafite, mode:FULL, rate:100, size:116
2025-10-28 12:08:20, MOVE, v:1, k:poo@grafite, mode:BACK
2025-10-28 13:39:14, MOVE, v:1, k:poo@motouber, mode:PICK
2025-10-28 13:39:22, MOVE, v:1, k:poo@motouber, mode:BACK
2025-10-28 13:40:30, MOVE, v:1, k:poo@motouber, mode:PICK
2025-10-28 13:40:31, EXEC, v:1, k:poo@motouber, mode:FULL, rate:0, size:36
2025-10-28 13:40:33, MOVE, v:1, k:poo@motouber, mode:BACK
2025-10-28 14:11:44, MOVE, v:1, k:poo@motouber, mode:PICK
2025-10-28 14:11:45, EXEC, v:1, k:poo@motouber, mode:FULL, rate:0, size:52
2025-10-28 14:11:46, MOVE, v:1, k:poo@motouber, mode:BACK
