2025-10-21 00:00:33, EXEC, v:1, k:poo@roupa, mode:FULL, rate:0, size:29
2025-10-21 00:00:34, EXEC, v:1, k:poo@roupa, mode:FULL, rate:0
2025-10-21 00:00:41, EXEC, v:1, k:poo@roupa, mode:FULL, rate:0, size:29
2025-10-21 00:00:42, EXEC, v:1, k:poo@roupa, mode:FULL, rate:0
2025-10-21 00:01:02, EXEC, v:1, k:poo@roupa, mode:FULL, rate:0, size:29
2025-10-21 00:01:21, EXEC, v:1, k:poo@roupa, mode:FULL, rate:0, size:29
2025-10-21 00:01:31, EXEC, v:1, k:poo@roupa, mode:FULL, rate:0, size:29
2025-10-21 00:14:08, EXEC, v:1, k:poo@roupa, mode:FULL, rate:0, size:29
2025-10-21 00:14:52, EXEC, v:1, k:poo@roupa, mode:FULL, rate:0, size:29
2025-10-21 00:15:21, EXEC, v:1, k:poo@roupa, mode:FULL, rate:0, size:28
2025-10-21 00:15:29, EXEC, v:1, k:poo@roupa, mode:FULL, rate:0, size:28
2025-10-21 00:16:14, EXEC, v:1, k:poo@roupa, mode:FULL, rate:0, size:28
2025-10-21 00:16:44, EXEC, v:1, k:poo@roupa, mode:FULL, rate:100, size:28
2025-10-21 00:17:00, MOVE, v:1, k:poo@roupa, mode:BACK
2025-10-21 00:17:00, MOVE, v:1, k:poo@roupa, mode:PICK
2025-10-21 00:17:01, MOVE, v:1, k:poo@roupa, mode:BACK
2025-10-21 00:17:01, MOVE, v:1, k:poo@roupa, mode:PICK
2025-10-21 00:17:02, MOVE, v:1, k:poo@roupa, mode:BACK
2025-10-21 00:18:06, MOVE, v:1, k:poo@roupa, mode:PICK
2025-10-21 00:18:07, EXEC, v:1, k:poo@roupa, mode:FULL, rate:100
2025-10-21 00:29:57, MOVE, v:1, k:poo@roupa, mode:BACK
2025-10-21 00:30:11, MOVE, v:1, k:poo@chinela, mode:PICK
2025-10-21 00:30:12, EXEC, v:1, k:poo@chinela, mode:LOCK, rate:0
2025-10-21 00:30:22, MOVE, v:1, k:poo@chinela, mode:BACK
2025-10-21 13:43:47, MOVE, v:1, k:poo@roupa, mode:PICK
2025-10-21 13:43:48, EXEC, v:1, k:poo@roupa, mode:FULL, rate:100
2025-10-21 14:08:40, EXEC, v:1, k:poo@roupa, mode:FULL, rate:100
2025-10-21 14:08:42, MOVE, v:1, k:poo@roupa, mode:BACK
2025-10-21 14:08:43, MOVE, v:1, k:poo@relogio, mode:PICK
2025-10-21 14:08:44, EXEC, v:1, k:poo@relogio, mode:FULL, rate:0, size:70
2025-10-21 14:09:08, EXEC, v:1, k:poo@relogio, mode:FULL, rate:0, size:70
2025-10-21 14:11:30, EXEC, v:1, k:poo@relogio, mode:FULL, rate:0, size:75
2025-10-21 14:20:13, MOVE, v:1, k:poo@relogio, mode:PICK
2025-10-21 14:20:14, EXEC, v:1, k:poo@relogio, mode:FULL, rate:0, size:75
2025-10-21 14:21:03, EXEC, v:1, k:poo@relogio, mode:FULL, rate:76, size:74
2025-10-21 14:21:26, MOVE, v:1, k:poo@relogio, mode:BACK
2025-10-21 18:45:22, MOVE, v:1, k:poo@relogio, mode:PICK
2025-10-21 18:45:23, EXEC, v:1, k:poo@relogio, mode:FULL, rate:76
2025-10-21 18:57:04, EXEC, v:1, k:poo@relogio, mode:FULL, rate:76, size:74
2025-10-21 19:02:29, EXEC, v:1, k:poo@relogio, mode:FULL, rate:100, size:79
2025-10-21 19:02:50, MOVE, v:1, k:poo@relogio, mode:BACK
